<?xml version="1.0" encoding="UTF-8"?>
<!-- Generated by org.testng.reporters.JUnitReportReporter -->
<testsuite skipped="0" hostname="LAPTOP-UD1G76P0" name="com.nopCommerce.testCases.TC_AddCustomerTest_003" tests="1" failures="0" timestamp="03 Aug 2019 11:57:50 GMT" time="23.296" errors="0">
  <testcase name="addNewCustomer" time="23.296" classname="com.nopCommerce.testCases.TC_AddCustomerTest_003"/>
</testsuite> <!-- com.nopCommerce.testCases.TC_AddCustomerTest_003 -->
